{
    "FunctionName": "hello-cli",
    "FunctionArn": "arn:aws:lambda:us-east-1:499670775636:function:hello-cli:1",
    "Runtime": "nodejs16.x",
    "Role": "arn:aws:iam::499670775636:role/lambda-exemplo",
    "Handler": "index.handler",
    "CodeSize": 325,
    "Description": "",
    "Timeout": 3,
    "MemorySize": 128,
    "LastModified": "2022-08-09T05:22:29.000+0000",
    "CodeSha256": "hOCsb+CmfBzY1MJdSwkWzu7Rig8HYHnUIZU7W0xy9PM=",
    "Version": "1",
    "TracingConfig": {
        "Mode": "PassThrough"
    },
    "RevisionId": "293cf38a-6a58-4f2d-bb89-5e782f01faf3",
    "State": "Pending",
    "StateReason": "The function is being created.",
    "StateReasonCode": "Creating",
    "PackageType": "Zip",
    "Architectures": [
        "x86_64"
    ],
    "EphemeralStorage": {
        "Size": 512
    }
}
